Using pre-set license
Built from '2022.3/staging' branch; Version is '2022.3.16f1 (d2c21f0ef2f1) revision 13812255'; Using compiler version '192829333'; Build Type 'Release'
OS: 'Windows 11  (10.0.22631) 64bit Professional' Language: 'en' Physical Memory: 16310 MB
BatchMode: 1, IsHumanControllingUs: 0, StartBugReporterOnCrash: 0, Is64bit: 1, IsPro: 1

COMMAND LINE ARGUMENTS:
C:\Program Files\Unity\Hub\Editor\2022.3.16f1\Editor\Unity.exe
-adb2
-batchMode
-noUpm
-name
AssetImportWorker0
-projectPath
D:/לימודים/סמסטר 8/פרוייקט סוף ב/TaleWeaverDev-main/TaleWeaverDev-main
-logFile
Logs/AssetImportWorker0.log
-srvPort
50535
Successfully changed project path to: D:/לימודים/סמסטר 8/פרוייקט סוף ב/TaleWeaverDev-main/TaleWeaverDev-main
D:/לימודים/סמסטר 8/פרוייקט סוף ב/TaleWeaverDev-main/TaleWeaverDev-main
[UnityMemory] Configuration Parameters - Can be set up in boot.config
    "memorysetup-bucket-allocator-granularity=16"
    "memorysetup-bucket-allocator-bucket-count=8"
    "memorysetup-bucket-allocator-block-size=33554432"
    "memorysetup-bucket-allocator-block-count=8"
    "memorysetup-main-allocator-block-size=16777216"
    "memorysetup-thread-allocator-block-size=16777216"
    "memorysetup-gfx-main-allocator-block-size=16777216"
    "memorysetup-gfx-thread-allocator-block-size=16777216"
    "memorysetup-cache-allocator-block-size=4194304"
    "memorysetup-typetree-allocator-block-size=2097152"
    "memorysetup-profiler-bucket-allocator-granularity=16"
    "memorysetup-profiler-bucket-allocator-bucket-count=8"
    "memorysetup-profiler-bucket-allocator-block-size=33554432"
    "memorysetup-profiler-bucket-allocator-block-count=8"
    "memorysetup-profiler-allocator-block-size=16777216"
    "memorysetup-profiler-editor-allocator-block-size=1048576"
    "memorysetup-temp-allocator-size-main=16777216"
    "memorysetup-job-temp-allocator-block-size=2097152"
    "memorysetup-job-temp-allocator-block-size-background=1048576"
    "memorysetup-job-temp-allocator-reduction-small-platforms=262144"
    "memorysetup-allocator-temp-initial-block-size-main=262144"
    "memorysetup-allocator-temp-initial-block-size-worker=262144"
    "memorysetup-temp-allocator-size-background-worker=32768"
    "memorysetup-temp-allocator-size-job-worker=262144"
    "memorysetup-temp-allocator-size-preload-manager=33554432"
    "memorysetup-temp-allocator-size-nav-mesh-worker=65536"
    "memorysetup-temp-allocator-size-audio-worker=65536"
    "memorysetup-temp-allocator-size-cloud-worker=32768"
    "memorysetup-temp-allocator-size-gi-baking-worker=262144"
    "memorysetup-temp-allocator-size-gfx=262144"
Player connection [24156] Host "[IP] 10.0.0.22 [Port] 0 [Flags] 2 [Guid] 2687040624 [EditorId] 2687040624 [Version] 1048832 [Id] WindowsEditor(7,Ron-PC) [Debug] 1 [PackageName] WindowsEditor [ProjectName] Editor" joined multi-casting on [225.0.0.222:54997]...

Player connection [24156] Host "[IP] 10.0.0.22 [Port] 0 [Flags] 2 [Guid] 2687040624 [EditorId] 2687040624 [Version] 1048832 [Id] WindowsEditor(7,Ron-PC) [Debug] 1 [PackageName] WindowsEditor [ProjectName] Editor" joined alternative multi-casting on [225.0.0.222:34997]...

[Physics::Module] Initialized MultithreadedJobDispatcher with 11 workers.
Refreshing native plugins compatible for Editor in 70.54 ms, found 4 plugins.
Preloading 0 native plugins for Editor in 0.00 ms.
Initialize engine version: 2022.3.16f1 (d2c21f0ef2f1)
[Subsystems] Discovering subsystems at path C:/Program Files/Unity/Hub/Editor/2022.3.16f1/Editor/Data/Resources/UnitySubsystems
[Subsystems] Discovering subsystems at path D:/לימודים/סמסטר 8/פרוייקט סוף ב/TaleWeaverDev-main/TaleWeaverDev-main/Assets
GfxDevice: creating device client; threaded=0; jobified=0
Direct3D:
    Version:  Direct3D 11.0 [level 11.1]
    Renderer: NVIDIA GeForce GTX 1080 Ti (ID=0x1b06)
    Vendor:   NVIDIA
    VRAM:     11106 MB
    Driver:   31.0.15.5186
Initialize mono
Mono path[0] = 'C:/Program Files/Unity/Hub/Editor/2022.3.16f1/Editor/Data/Managed'
Mono path[1] = 'C:/Program Files/Unity/Hub/Editor/2022.3.16f1/Editor/Data/MonoBleedingEdge/lib/mono/unityjit-win32'
Mono config path = 'C:/Program Files/Unity/Hub/Editor/2022.3.16f1/Editor/Data/MonoBleedingEdge/etc'
Using monoOptions --debugger-agent=transport=dt_socket,embedding=1,server=y,suspend=n,address=127.0.0.1:56236
Begin MonoManager ReloadAssembly
Registering precompiled unity dll's ...
Register platform support module: C:/Program Files/Unity/Hub/Editor/2022.3.16f1/Editor/Data/PlaybackEngines/WindowsStandaloneSupport/UnityEditor.WindowsStandalone.Extensions.dll
Registered in 0.008784 seconds.
- Loaded All Assemblies, in  0.465 seconds
Native extension for WindowsStandalone target not found
Mono: successfully reloaded assembly
- Finished resetting the current domain, in  0.351 seconds
Domain Reload Profiling: 814ms
	BeginReloadAssembly (168ms)
		ExecutionOrderSort (0ms)
		DisableScriptedObjects (0ms)
		BackupInstance (0ms)
		ReleaseScriptingObjects (0ms)
		CreateAndSetChildDomain (1ms)
	RebuildCommonClasses (42ms)
	RebuildNativeTypeToScriptingClass (11ms)
	initialDomainReloadingComplete (69ms)
	LoadAllAssembliesAndSetupDomain (171ms)
		LoadAssemblies (165ms)
		RebuildTransferFunctionScriptingTraits (0ms)
		AnalyzeDomain (169ms)
			TypeCache.Refresh (167ms)
				TypeCache.ScanAssembly (147ms)
			ScanForSourceGeneratedMonoScriptInfo (1ms)
			ResolveRequiredComponents (1ms)
	FinalizeReload (352ms)
		ReleaseScriptCaches (0ms)
		RebuildScriptCaches (0ms)
		SetupLoadedEditorAssemblies (282ms)
			LogAssemblyErrors (0ms)
			InitializePlatformSupportModulesInManaged (11ms)
			SetLoadedEditorAssemblies (9ms)
			RefreshPlugins (0ms)
			BeforeProcessingInitializeOnLoad (3ms)
			ProcessInitializeOnLoadAttributes (179ms)
			ProcessInitializeOnLoadMethodAttributes (79ms)
			AfterProcessingInitializeOnLoad (0ms)
			EditorAssembliesLoaded (0ms)
		ExecutionOrderSort2 (0ms)
		AwakeInstancesAfterBackupRestoration (0ms)
========================================================================
Worker process is ready to serve import requests
Begin MonoManager ReloadAssembly
- Loaded All Assemblies, in  1.115 seconds
Refreshing native plugins compatible for Editor in 3.09 ms, found 4 plugins.
Native extension for WindowsStandalone target not found
Package Manager log level set to [2]
[Package Manager] Server::EnsureServerProcessIsRunning -- launch failed, reason: Unity was launched with the -noUpm command-line argument
[Package Manager] UpmClient::Send -- Unable to send message (not connected to UPM process).
[Package Manager] Cannot connect to Unity Package Manager local server
Mono: successfully reloaded assembly
- Finished resetting the current domain, in  1.371 seconds
Domain Reload Profiling: 2484ms
	BeginReloadAssembly (175ms)
		ExecutionOrderSort (0ms)
		DisableScriptedObjects (6ms)
		BackupInstance (0ms)
		ReleaseScriptingObjects (0ms)
		CreateAndSetChildDomain (25ms)
	RebuildCommonClasses (42ms)
	RebuildNativeTypeToScriptingClass (17ms)
	initialDomainReloadingComplete (40ms)
	LoadAllAssembliesAndSetupDomain (839ms)
		LoadAssemblies (691ms)
		RebuildTransferFunctionScriptingTraits (0ms)
		AnalyzeDomain (247ms)
			TypeCache.Refresh (208ms)
				TypeCache.ScanAssembly (187ms)
			ScanForSourceGeneratedMonoScriptInfo (25ms)
			ResolveRequiredComponents (12ms)
	FinalizeReload (1372ms)
		ReleaseScriptCaches (0ms)
		RebuildScriptCaches (0ms)
		SetupLoadedEditorAssemblies (1170ms)
			LogAssemblyErrors (0ms)
			InitializePlatformSupportModulesInManaged (6ms)
			SetLoadedEditorAssemblies (7ms)
			RefreshPlugins (0ms)
			BeforeProcessingInitializeOnLoad (156ms)
			ProcessInitializeOnLoadAttributes (933ms)
			ProcessInitializeOnLoadMethodAttributes (61ms)
			AfterProcessingInitializeOnLoad (7ms)
			EditorAssembliesLoaded (0ms)
		ExecutionOrderSort2 (0ms)
		AwakeInstancesAfterBackupRestoration (8ms)
Launched and connected shader compiler UnityShaderCompiler.exe after 0.06 seconds
Refreshing native plugins compatible for Editor in 3.64 ms, found 4 plugins.
Preloading 0 native plugins for Editor in 0.00 ms.
Unloading 5751 Unused Serialized files (Serialized files now loaded: 0)
Unloading 88 unused Assets / (424.2 KB). Loaded Objects now: 6213.
Memory consumption went from 229.6 MB to 229.1 MB.
Total: 5.195900 ms (FindLiveObjects: 0.474200 ms CreateObjectMapping: 0.498600 ms MarkObjects: 3.943600 ms  DeleteObjects: 0.278200 ms)

AssetImportParameters requested are different than current active one (requested -> active):
  custom:container-demuxer-ogg: 62fdf1f143b41e24485cea50d1cbac27 -> 
  custom:video-decoder-ogg-theora: a1e56fd34408186e4bbccfd4996cb3dc -> 
  custom:framework-win-MediaFoundation: 216162199b28c13a410421893ffa2e32 -> 
  custom:CustomObjectIndexerAttribute: 4d1d7186bcbbfe361de5f0ad951e585c -> 
  custom:container-demuxer-webm: 4f35f7cbe854078d1ac9338744f61a02 -> 
  custom:container-muxer-webm: aa71ff27fc2769a1b78a27578f13a17b -> 
  custom:video-decoder-webm-vp8: 9c59270c3fd7afecdb556c50c9e8de78 -> 
  custom:SearchIndexIgnoredProperties: e643bd26f0fe6173181afceb89e7c659 -> 
  custom:AudioImporter_EditorPlatform: d09bf68614088b80899f8185d706f6e7 -> 
  custom:video-encoder-webm-vp8: eb34c28f22e8b96e1ab97ce403110664 -> 
  custom:audio-decoder-ogg-vorbis: bf7c407c2cedff20999df2af8eb42d56 -> 
  custom:audio-encoder-webm-vorbis: bf7c407c2cedff20999df2af8eb42d56 -> 
========================================================================
Received Import Request.
  Time since last request: 38651.675958 seconds.
  path: Assets/EndlessBook/Demos/Demo 02/Textures/Page_09.png
  artifactKey: Guid(c1abb26863cc9e343996b02145940f65) Importer(815301076,1909f56bfc062723c751e8b465ee728b)
Start importing Assets/EndlessBook/Demos/Demo 02/Textures/Page_09.png using Guid(c1abb26863cc9e343996b02145940f65) Importer(815301076,1909f56bfc062723c751e8b465ee728b)  -> (artifact id: 'b271b1e3cc7fd5d06d2d96e065e3c91d') in 0.097809 seconds
Number of updated asset objects reloaded before import = 0
Number of asset objects unloaded after import = 2
========================================================================
Received Import Request.
  Time since last request: 0.000028 seconds.
  path: Assets/EndlessBook/Demos/Demo 02/Textures/TableOfContentsButton.png
  artifactKey: Guid(41a5d602537e27940b553909bb2f5a16) Importer(815301076,1909f56bfc062723c751e8b465ee728b)
Start importing Assets/EndlessBook/Demos/Demo 02/Textures/TableOfContentsButton.png using Guid(41a5d602537e27940b553909bb2f5a16) Importer(815301076,1909f56bfc062723c751e8b465ee728b)  -> (artifact id: '4245be374872e7f1c9f9b9d2abb854e1') in 0.011850 seconds
Number of updated asset objects reloaded before import = 0
Number of asset objects unloaded after import = 2
========================================================================
Received Import Request.
  Time since last request: 0.000018 seconds.
  path: Assets/EndlessBook/Demos/Demo 02/Textures/Page_16.png
  artifactKey: Guid(e1e0d42c8a83d674e8e60a2f2674de50) Importer(815301076,1909f56bfc062723c751e8b465ee728b)
Start importing Assets/EndlessBook/Demos/Demo 02/Textures/Page_16.png using Guid(e1e0d42c8a83d674e8e60a2f2674de50) Importer(815301076,1909f56bfc062723c751e8b465ee728b)  -> (artifact id: 'b51d354c74460306aee950d1c57d0a8a') in 0.031571 seconds
Number of updated asset objects reloaded before import = 0
Number of asset objects unloaded after import = 2
========================================================================
Received Import Request.
  Time since last request: 0.000021 seconds.
  path: Assets/EndlessBook/Demos/Demo 02/Textures/Page_17.png
  artifactKey: Guid(e3d29c69687c75c47af4d0d0d77062c6) Importer(815301076,1909f56bfc062723c751e8b465ee728b)
Start importing Assets/EndlessBook/Demos/Demo 02/Textures/Page_17.png using Guid(e3d29c69687c75c47af4d0d0d77062c6) Importer(815301076,1909f56bfc062723c751e8b465ee728b)  -> (artifact id: '0d9ede2154cd3ed2db816b35a7c79968') in 0.040386 seconds
Number of updated asset objects reloaded before import = 0
Number of asset objects unloaded after import = 2
========================================================================
Received Import Request.
  Time since last request: 0.000022 seconds.
  path: Assets/EndlessBook/Demos/Demo 02/Textures/Blank.png
  artifactKey: Guid(8b87edcd974ee024ca84a354fc5ad127) Importer(815301076,1909f56bfc062723c751e8b465ee728b)
Start importing Assets/EndlessBook/Demos/Demo 02/Textures/Blank.png using Guid(8b87edcd974ee024ca84a354fc5ad127) Importer(815301076,1909f56bfc062723c751e8b465ee728b)  -> (artifact id: '0fa7e043adea3987d318233ea58286f7') in 0.009722 seconds
Number of updated asset objects reloaded before import = 0
Number of asset objects unloaded after import = 2
========================================================================
Received Import Request.
  Time since last request: 0.000028 seconds.
  path: Assets/EndlessBook/Demos/Demo 02/Textures/PageBackground_02.png
  artifactKey: Guid(420f8cc3018885c49b0c5961dc88c57e) Importer(815301076,1909f56bfc062723c751e8b465ee728b)
Start importing Assets/EndlessBook/Demos/Demo 02/Textures/PageBackground_02.png using Guid(420f8cc3018885c49b0c5961dc88c57e) Importer(815301076,1909f56bfc062723c751e8b465ee728b)  -> (artifact id: '5b398f077b045990f48f99ac94a8c797') in 0.024270 seconds
Number of updated asset objects reloaded before import = 0
Number of asset objects unloaded after import = 2
========================================================================
Received Import Request.
  Time since last request: 0.000116 seconds.
  path: Assets/EndlessBook/Demos/Demo 02/Textures/Note2.png
  artifactKey: Guid(93d4687da82db2041bc432400041b5bb) Importer(815301076,1909f56bfc062723c751e8b465ee728b)
Start importing Assets/EndlessBook/Demos/Demo 02/Textures/Note2.png using Guid(93d4687da82db2041bc432400041b5bb) Importer(815301076,1909f56bfc062723c751e8b465ee728b)  -> (artifact id: '86912af011bd1bec744e860cd8f6b8df') in 0.048804 seconds
Number of updated asset objects reloaded before import = 0
Number of asset objects unloaded after import = 2
========================================================================
Received Import Request.
  Time since last request: 0.000016 seconds.
  path: Assets/EndlessBook/Demos/Demo 02/Textures/Page_11.png
  artifactKey: Guid(f41b5119e1deb154781a002049f30545) Importer(815301076,1909f56bfc062723c751e8b465ee728b)
Start importing Assets/EndlessBook/Demos/Demo 02/Textures/Page_11.png using Guid(f41b5119e1deb154781a002049f30545) Importer(815301076,1909f56bfc062723c751e8b465ee728b)  -> (artifact id: 'e8d7c1f3765244226f513f2461e6ca29') in 0.035996 seconds
Number of updated asset objects reloaded before import = 0
Number of asset objects unloaded after import = 2
========================================================================
Received Import Request.
  Time since last request: 0.000028 seconds.
  path: Assets/EndlessBook/Demos/Demo 02/Textures/Wave.png
  artifactKey: Guid(92c897ba7406cea4b93fe546f7a708c5) Importer(815301076,1909f56bfc062723c751e8b465ee728b)
Start importing Assets/EndlessBook/Demos/Demo 02/Textures/Wave.png using Guid(92c897ba7406cea4b93fe546f7a708c5) Importer(815301076,1909f56bfc062723c751e8b465ee728b)  -> (artifact id: '7447ca94d2843545f98bbc3154c4c46a') in 0.013983 seconds
Number of updated asset objects reloaded before import = 0
Number of asset objects unloaded after import = 2
========================================================================
Received Import Request.
  Time since last request: 0.000023 seconds.
  path: Assets/EndlessBook/Demos/Demo 02/Textures/PageBackground_Front.png
  artifactKey: Guid(7bdbb26d73684e447b723106f8f899b6) Importer(815301076,1909f56bfc062723c751e8b465ee728b)
Start importing Assets/EndlessBook/Demos/Demo 02/Textures/PageBackground_Front.png using Guid(7bdbb26d73684e447b723106f8f899b6) Importer(815301076,1909f56bfc062723c751e8b465ee728b)  -> (artifact id: 'b22a4ed952d2d209548d8e38b17e08b4') in 0.063776 seconds
Number of updated asset objects reloaded before import = 0
Number of asset objects unloaded after import = 2
========================================================================
Received Import Request.
  Time since last request: 0.000025 seconds.
  path: Assets/EndlessBook/Demos/Demo 02/Textures/TaleWeaver_cursor.png
  artifactKey: Guid(7fa1b0c0be74d86468476f8104ce255c) Importer(815301076,1909f56bfc062723c751e8b465ee728b)
Start importing Assets/EndlessBook/Demos/Demo 02/Textures/TaleWeaver_cursor.png using Guid(7fa1b0c0be74d86468476f8104ce255c) Importer(815301076,1909f56bfc062723c751e8b465ee728b)  -> (artifact id: 'da991567422485a3b4cda793bc18dec9') in 0.012071 seconds
Number of updated asset objects reloaded before import = 0
Number of asset objects unloaded after import = 1
========================================================================
Received Import Request.
  Time since last request: 0.000035 seconds.
  path: Assets/EndlessBook/Demos/Demo 02/Textures/Page_06.png
  artifactKey: Guid(2eced1868647fe44fbabb53d7b1866bc) Importer(815301076,1909f56bfc062723c751e8b465ee728b)
Start importing Assets/EndlessBook/Demos/Demo 02/Textures/Page_06.png using Guid(2eced1868647fe44fbabb53d7b1866bc) Importer(815301076,1909f56bfc062723c751e8b465ee728b)  -> (artifact id: '34efeb0223265c94fd753dcd041ee76d') in 0.150862 seconds
Number of updated asset objects reloaded before import = 0
Number of asset objects unloaded after import = 2
========================================================================
Received Import Request.
  Time since last request: 0.000086 seconds.
  path: Assets/EndlessBook/Demos/Demo 02/Textures/Banner.png
  artifactKey: Guid(14e7a3a750b85c84ba96ab836c2ab15b) Importer(815301076,1909f56bfc062723c751e8b465ee728b)
Start importing Assets/EndlessBook/Demos/Demo 02/Textures/Banner.png using Guid(14e7a3a750b85c84ba96ab836c2ab15b) Importer(815301076,1909f56bfc062723c751e8b465ee728b)  -> (artifact id: 'fe4f9157b8a342af16a001d5f501ac5d') in 0.076852 seconds
Number of updated asset objects reloaded before import = 0
Number of asset objects unloaded after import = 3
Editor requested this worker to shutdown with reason: Scaling down because of idle timeout
TcpMessagingSession - receive error: operation aborted. errorcode: 995, details: The I/O operation has been aborted because of either a thread exit or an application request.
AssetImportWorker is now disconnected from the server
Process exiting
Exiting without the bug reporter. Application will terminate with return code 0